file_size : 7659241
line is 184389
plain :SKKU is the top university in the world

cipher :[IMOOpEyHLWcWSRZu+7h3WqEfXoAblRrLKArIRVO36Vzx1wgsw1s0SrL6oG7bF7BI]
plain_len : 39
iter : 48
0 computing...
100 computing...
200 computing...
300 computing...
400 computing...
500 computing...
600 computing...
700 computing...
800 computing...
900 computing...
1000 computing...
1100 computing...
1200 computing...
1300 computing...
1400 computing...
1500 computing...
1600 computing...
1700 computing...
1800 computing...
1900 computing...
2000 computing...
2100 computing...
2200 computing...
2300 computing...
2400 computing...
2500 computing...
2600 computing...
2700 computing...
2800 computing...
2900 computing...
3000 computing...
3100 computing...
3200 computing...
3300 computing...
3400 computing...
3500 computing...
3600 computing...
3700 computing...
3800 computing...
3900 computing...
4000 computing...
4100 computing...
4200 computing...
4300 computing...
result:
IMOOpEyHLWcWSRZu+7h3WqEfXoAblRrLKArIRVO36Vzx1wgsw1s0SrL6oG7bF7BI
cipher:
IMOOpEyHLWcWSRZu+7h3WqEfXoAblRrLKArIRVO36Vzx1wgsw1s0SrL6oG7bF7BI
find!
des: 505162,aes: 815217
